<?xml version="1.0" encoding="UTF-8"?>
<!-- Generated by org.testng.reporters.JUnitReportReporter -->
<testsuite name="com.qtpselenium.rediff.hybrid.testcases.portfoliosuite.LoginTest" tests="1" time="84.035" ignored="0" failures="0" timestamp="11 Apr 2018 10:36:17 GMT" skipped="0" hostname="DESKTOP-NM05SVP" errors="0">
  <testcase name="loginTest" time="84.035" classname="com.qtpselenium.rediff.hybrid.testcases.portfoliosuite.LoginTest"/>
</testsuite> <!-- com.qtpselenium.rediff.hybrid.testcases.portfoliosuite.LoginTest -->
